<?xml version="1.0" encoding="UTF-8"?>
<!-- Generated by org.testng.reporters.JUnitReportReporter -->
<testsuite hostname="Dhruvan" failures="0" tests="3" name="com.saucedemo.tests.LoginTest" time="5.384" errors="0" timestamp="2025-06-08T21:04:57 IST" skipped="0">
  <testcase classname="com.saucedemo.tests.LoginTest" name="verifyHomePageTitle" time="1.905"/>
  <testcase classname="com.saucedemo.tests.LoginTest" name="loginWithValidCredentials" time="1.699"/>
  <testcase classname="com.saucedemo.tests.LoginTest" name="loginWithInvalidCredentials" time="1.780"/>
</testsuite> <!-- com.saucedemo.tests.LoginTest -->
