<?xml version="1.0" encoding="UTF-8"?>
<!-- Generated by org.testng.reporters.JUnitXMLReporter -->
<testsuite ignored="0" hostname="Dhruvan" failures="0" tests="3" name="SauceDemo Login Tests" time="5.414" errors="0" timestamp="2025-06-08T21:04:57 IST">
  <testcase classname="com.saucedemo.tests.LoginTest" name="verifyHomePageTitle" time="0.022"/>
  <testcase classname="com.saucedemo.tests.LoginTest" name="loginWithValidCredentials" time="0.485"/>
  <testcase classname="com.saucedemo.tests.LoginTest" name="loginWithInvalidCredentials" time="0.466"/>
</testsuite> <!-- SauceDemo Login Tests -->
